<?xml version="1.0" encoding="UTF-8"?>
<!-- Generated by org.testng.reporters.JUnitReportReporter -->
<testsuite hostname="LAPTOP-SSL4CL94" failures="0" tests="1" name="testCases.TC_007_Wishlist" time="0.638" errors="0" timestamp="2023-11-08T10:52:14 GMT" skipped="0">
  <testcase classname="testCases.TC_007_Wishlist" name="SelectWishlistNotloggedIn" time="0.638"/>
</testsuite> <!-- testCases.TC_007_Wishlist -->
