<?xml version="1.0" encoding="UTF-8"?>
<!-- Generated by org.testng.reporters.JUnitReportReporter -->
<testsuite hostname="LAPTOP-SSL4CL94" failures="0" tests="1" name="testCases.TC_006_Shopify_Pagination" time="24.689" errors="0" timestamp="2023-11-08T10:52:14 GMT" skipped="0">
  <testcase classname="testCases.TC_006_Shopify_Pagination" name="ClickthroughPages" time="24.689"/>
</testsuite> <!-- testCases.TC_006_Shopify_Pagination -->
