<?xml version="1.0" encoding="UTF-8"?>
<!-- Generated by org.testng.reporters.JUnitReportReporter -->
<testsuite hostname="LAPTOP-SSL4CL94" failures="0" tests="1" name="testCases.TC_001_Account_Registration" time="2.615" errors="0" timestamp="2023-11-08T10:52:14 GMT" skipped="0">
  <testcase classname="testCases.TC_001_Account_Registration" name="Register" time="2.615"/>
</testsuite> <!-- testCases.TC_001_Account_Registration -->
