<?xml version="1.0" encoding="UTF-8"?>
<!-- Generated by org.testng.reporters.JUnitReportReporter -->
<testsuite hostname="LAPTOP-SSL4CL94" failures="0" tests="1" name="testCases.TC_002_Account_Registration_Failure" time="5.323" errors="0" timestamp="2023-11-08T10:52:14 GMT" skipped="0">
  <testcase classname="testCases.TC_002_Account_Registration_Failure" name="Fail_Register" time="5.323"/>
</testsuite> <!-- testCases.TC_002_Account_Registration_Failure -->
