<?xml version="1.0" encoding="UTF-8"?>
<!-- Generated by org.testng.reporters.JUnitReportReporter -->
<testsuite hostname="LAPTOP-SSL4CL94" failures="0" tests="1" name="testCases.TC_001_Account_Registration" time="2.589" errors="0" timestamp="2023-11-07T13:23:46 GMT" skipped="0">
  <testcase classname="testCases.TC_001_Account_Registration" name="Register" time="2.589"/>
</testsuite> <!-- testCases.TC_001_Account_Registration -->
