<?xml version="1.0" encoding="UTF-8"?>
<!-- Generated by org.testng.reporters.JUnitReportReporter -->
<testsuite hostname="LAPTOP-SSL4CL94" failures="0" tests="1" name="testCases.TC_007_Wishlist" time="0.699" errors="0" timestamp="2023-11-07T13:47:54 GMT" skipped="0">
  <testcase classname="testCases.TC_007_Wishlist" name="SelectWishlistNotloggedIn" time="0.699"/>
</testsuite> <!-- testCases.TC_007_Wishlist -->
