<?xml version="1.0" encoding="UTF-8"?>
<!-- Generated by org.testng.reporters.JUnitReportReporter -->
<testsuite hostname="LAPTOP-SSL4CL94" failures="0" tests="1" name="testCases.TC_006_Shopify_Pagination" time="24.761" errors="0" timestamp="2023-11-07T13:47:54 GMT" skipped="0">
  <testcase classname="testCases.TC_006_Shopify_Pagination" name="ClickthroughPages" time="24.761"/>
</testsuite> <!-- testCases.TC_006_Shopify_Pagination -->
